<?xml version="1.0" encoding="UTF-8"?>
<!-- Generated by org.testng.reporters.JUnitReportReporter -->
<testsuite hostname="Mohds-MacBook-Air.local" failures="0" tests="1" name="appTests.TestAppFlow" time="27.276" errors="0" timestamp="2024-11-30T20:15:38 IST" skipped="0">
  <testcase classname="appTests.TestAppFlow" name="TaskOneApp" time="27.276"/>
  <system-out/>
</testsuite> <!-- appTests.TestAppFlow -->
