<?xml version="1.0" encoding="UTF-8"?>
<!-- Generated by org.testng.reporters.JUnitReportReporter -->
<testsuite hostname="Mohds-MacBook-Air.local" failures="0" tests="1" name="webTests.RegistrationFlow" time="39.920" errors="0" timestamp="2024-12-07T16:39:26 IST" skipped="0">
  <testcase classname="webTests.RegistrationFlow" name="RegistrationFlowTest" time="39.920"/>
  <system-out/>
</testsuite> <!-- webTests.RegistrationFlow -->
