<?xml version="1.0" encoding="UTF-8"?>
<!-- Generated by org.testng.reporters.JUnitReportReporter -->
<testsuite hostname="Mohds-MacBook-Air.local" failures="0" tests="1" name="tests.TaskOne" time="19.670" errors="0" timestamp="2024-11-29T16:23:03 IST" skipped="0">
  <testcase classname="tests.TaskOne" name="TaskOne" time="19.670"/>
  <system-out/>
</testsuite> <!-- tests.TaskOne -->
