<?xml version="1.0" encoding="UTF-8"?>
<!-- Generated by org.testng.reporters.JUnitReportReporter -->
<testsuite hostname="Mohds-MacBook-Air.local" failures="0" tests="1" name="tests.TaskOneApp" time="8.935" errors="0" timestamp="2024-11-28T18:29:22 IST" skipped="0">
  <testcase classname="tests.TaskOneApp" name="TaskOneApp" time="8.935"/>
  <system-out/>
</testsuite> <!-- tests.TaskOneApp -->
