<?xml version="1.0" encoding="UTF-8"?>
<!-- Generated by org.testng.reporters.JUnitReportReporter -->
<testsuite hostname="Mohds-MacBook-Air.local" failures="0" tests="1" name="webTests.VerifyProductPopupAndReview" time="56.481" errors="0" timestamp="2025-01-09T17:37:31 IST" skipped="0">
  <testcase classname="webTests.VerifyProductPopupAndReview" name="VerifyProductPopupAndReviewTest" time="56.481"/>
</testsuite> <!-- webTests.VerifyProductPopupAndReview -->
