<?xml version="1.0" encoding="UTF-8"?>
<!-- Generated by org.testng.reporters.JUnitReportReporter -->
<testsuite hostname="Mohds-MacBook-Air.local" failures="0" tests="1" name="webTests.VerifyAllItemsDisplayed" time="14.161" errors="0" timestamp="2024-12-17T17:59:05 IST" skipped="0">
  <testcase classname="webTests.VerifyAllItemsDisplayed" name="VerifyAllItemsDisplayedTest" time="14.161"/>
  <system-out/>
</testsuite> <!-- webTests.VerifyAllItemsDisplayed -->
