<?xml version="1.0" encoding="UTF-8"?>
<!-- Generated by org.testng.reporters.JUnitReportReporter -->
<testsuite hostname="Mohds-MacBook-Air.local" failures="0" tests="1" name="appTests.TestAppFlow" time="13.337" errors="0" timestamp="2025-01-09T18:42:06 IST" skipped="0">
  <testcase classname="appTests.TestAppFlow" name="TestAppFlow" time="13.337"/>
</testsuite> <!-- appTests.TestAppFlow -->
