<?xml version="1.0" encoding="UTF-8"?>
<!-- Generated by org.testng.reporters.JUnitReportReporter -->
<testsuite hostname="Mohds-MacBook-Air.local" failures="0" tests="1" name="appTests.ChangeSetting" time="15.555" errors="0" timestamp="2025-01-09T18:42:06 IST" skipped="0">
  <testcase classname="appTests.ChangeSetting" name="ChangeSettingFlow" time="15.555"/>
</testsuite> <!-- appTests.ChangeSetting -->
