<?xml version="1.0" encoding="UTF-8"?>
<!-- Generated by org.testng.reporters.JUnitReportReporter -->
<testsuite hostname="Mohds-MacBook-Air.local" failures="0" tests="1" name="tests.HomeTest" time="9.545" errors="0" timestamp="2024-11-28T16:23:59 IST" skipped="0">
  <testcase classname="tests.HomeTest" name="searchFunctionality" time="9.545"/>
  <system-out/>
</testsuite> <!-- tests.HomeTest -->
