<?xml version="1.0" encoding="UTF-8"?>
<!-- Generated by org.testng.reporters.JUnitReportReporter -->
<testsuite hostname="Mohds-MacBook-Air.local" failures="0" tests="1" name="appTests.ChangeSetting" time="24.244" errors="0" timestamp="2024-12-01T13:22:17 IST" skipped="0">
  <testcase classname="appTests.ChangeSetting" name="ChangeSettingFlow" time="24.244"/>
  <system-out/>
</testsuite> <!-- appTests.ChangeSetting -->
