<?xml version="1.0" encoding="UTF-8"?>
<!-- Generated by org.testng.reporters.JUnitReportReporter -->
<testsuite hostname="Mohds-MacBook-Air.local" failures="0" tests="1" name="webTests.VerifyProductPopupAndReview" time="3.761" errors="0" timestamp="2024-12-07T16:39:26 IST" skipped="0">
  <testcase classname="webTests.VerifyProductPopupAndReview" name="VerifyProductPopupAndReviewTest" time="3.761"/>
  <system-out/>
</testsuite> <!-- webTests.VerifyProductPopupAndReview -->
