<?xml version="1.0" encoding="UTF-8"?>
<!-- Generated by org.testng.reporters.JUnitReportReporter -->
<testsuite hostname="Mohds-MacBook-Air.local" failures="0" tests="1" name="tests.VerifyProductPopupAndReview" time="10.795" errors="0" timestamp="2024-11-29T18:55:37 IST" skipped="0">
  <testcase classname="tests.VerifyProductPopupAndReview" name="VerifyProductPopupAndReviewTest" time="10.795"/>
  <system-out/>
</testsuite> <!-- tests.VerifyProductPopupAndReview -->
