<?xml version="1.0" encoding="UTF-8"?>
<!-- Generated by org.testng.reporters.JUnitReportReporter -->
<testsuite hostname="Mohds-MacBook-Air.local" failures="0" tests="1" name="tests.VerifyAllItemsDisplayed" time="20.912" errors="0" timestamp="2024-11-29T18:48:47 IST" skipped="0">
  <testcase classname="tests.VerifyAllItemsDisplayed" name="VerifyAllItemsDisplayedTest" time="20.912"/>
  <system-out/>
</testsuite> <!-- tests.VerifyAllItemsDisplayed -->
